[1012/021959.250:INFO:CONSOLE:1] "all stylesheet load", source: https://sf16-web-login-neutral.capcutstatic.com/obj/capcut-web-login-static/ies/lvweb/video_online/upload/side-code/side-code-body.C12sUC.min.js (1)
[1012/021959.643:INFO:CONSOLE:1] "checkCompatibility ===> compatibility no check [object Object]", source: https://sf16-web-login-neutral.capcutstatic.com/obj/capcut-web-login-static/ies/lvweb/video_online/static/js/src-editor-3.bb001e01.js (1)
[1012/021959.683:INFO:CONSOLE:2] "Starling_intl: [ERROR] The instance has not been initialized: i18n.t('backspace',{});", source: https://sf16-web-login-neutral.capcutstatic.com/obj/capcut-web-login-static/ies/lvweb/video_online/static/js/byted.091a563a.js (2)
[1012/021959.684:INFO:CONSOLE:2] "Starling_intl: [ERROR] The instance has not been initialized: i18n.t('pause',{});", source: https://sf16-web-login-neutral.capcutstatic.com/obj/capcut-web-login-static/ies/lvweb/video_online/static/js/byted.091a563a.js (2)
[1012/021959.697:INFO:CONSOLE:13] "[orbx/capcut-pc-jsb] pc web jsb init error, please check your project dependencies relationship！", source: https://sf16-web-login-neutral.capcutstatic.com/obj/capcut-web-login-static/ies/lvweb/video_online/static/js/vendors-f0a991eb.75a22ae0.js (13)
[1012/021959.697:INFO:CONSOLE:13] "TypeError: Cannot assign to read only property 'JSBridge' of object '#<Window>'", source: https://sf16-web-login-neutral.capcutstatic.com/obj/capcut-web-login-static/ies/lvweb/video_online/static/js/vendors-f0a991eb.75a22ae0.js (13)
[1012/021959.719:INFO:CONSOLE:2] "Starling_intl: [ERROR] The instance has not been initialized: i18n.t('web_materialSearch_title_recommend',{});", source: https://sf16-web-login-neutral.capcutstatic.com/obj/capcut-web-login-static/ies/lvweb/video_online/static/js/byted.091a563a.js (2)
[1012/021959.890:INFO:CONSOLE:1] "[preload-worker] initializing preloader with params [object Object]", source: https://www.capcut.com/static-resource/ies/lvweb/video_online/upload/side-code/assets/wasm-preloader.worker-CAEYKtjX.js (1)
[1012/021959.891:INFO:CONSOLE:0] "[GroupMarkerNotSet(crbug.com/242999)!:A080F200AC320000]Automatic fallback to software WebGL has been deprecated. Please use the --enable-unsafe-swiftshader (about:flags#enable-unsafe-swiftshader) flag to opt in to lower security guarantees for trusted content.", source: https://www.capcut.com/editor (0)
[1012/021959.892:INFO:CONSOLE:0] "[GroupMarkerNotSet(crbug.com/242999)!:A0B0F200AC320000]Automatic fallback to software WebGL has been deprecated. Please use the --enable-unsafe-swiftshader (about:flags#enable-unsafe-swiftshader) flag to opt in to lower security guarantees for trusted content.", source: https://www.capcut.com/editor (0)
[1012/022000.135:INFO:CONSOLE:1] "[Preloader] side module size 2843813 unit8 size 2843813", source: https://www.capcut.com/static-resource/ies/lvweb/video_online/upload/side-code/assets/wasm-preloader.worker-CAEYKtjX.js (1)
[1012/022000.514:INFO:CONSOLE:1] "Uncaught (in promise) undefined", source: https://sf16-web-login-neutral.capcutstatic.com/obj/capcut-web-login-static/ies/lvweb/video_online/upload/side-code/preloader.BBguTq.min.js (1)
[1012/022000.716:INFO:CONSOLE:1] "Uncaught (in promise) undefined", source: https://sf16-web-login-neutral.capcutstatic.com/obj/capcut-web-login-static/ies/lvweb/video_online/upload/side-code/preloader.BBguTq.min.js (1)
[1012/022002.705:INFO:CONSOLE:3150] "[I:AE_EFFECT_TAG] ## 2025-10-12 02:20:02.479 [threadid:26848752,bef_amg_api.cpp,22] SYSTEM ## [AE_EFFECT_TAG]bef_amg_register_vecodec_callback: callback address is 0x1a9c160.", source: https://www.capcut.com/static-resource/ies/lvweb/video_online/upload/side-code/assets/vesdk-lvapi-opt.h6c71a.js (3150)
[1012/022002.705:INFO:CONSOLE:3150] "[I:EffectSDK-1940] [EffectABConfig.cpp 1569] EffectABConfig::configABValue : key=ve_enable_transform_unit_refactor, dataType=bool, value=1", source: https://www.capcut.com/static-resource/ies/lvweb/video_online/upload/side-code/assets/vesdk-lvapi-opt.h6c71a.js (3150)
[1012/022002.705:INFO:CONSOLE:3150] "[I:EffectSDK-1940] [EffectABConfig.cpp 1616] EffectABConfig::configABValue : key=ve_enable_transform_unit_refactor, bundle->SetBool(tag=ab_value, value=1)", source: https://www.capcut.com/static-resource/ies/lvweb/video_online/upload/side-code/assets/vesdk-lvapi-opt.h6c71a.js (3150)
[1012/022002.705:INFO:CONSOLE:3150] "[I:EffectSDK-1940] [EffectABConfig.cpp 1569] EffectABConfig::configABValue : key=vesdk_enable_ff264_simd, dataType=bool, value=1", source: https://www.capcut.com/static-resource/ies/lvweb/video_online/upload/side-code/assets/vesdk-lvapi-opt.h6c71a.js (3150)
[1012/022002.705:INFO:CONSOLE:3150] "[I:EffectSDK-1940] [EffectABConfig.cpp 1616] EffectABConfig::configABValue : key=vesdk_enable_ff264_simd, bundle->SetBool(tag=ab_value, value=1)", source: https://www.capcut.com/static-resource/ies/lvweb/video_online/upload/side-code/assets/vesdk-lvapi-opt.h6c71a.js (3150)
[1012/022002.705:INFO:CONSOLE:3150] "[I:EffectSDK-1940] [EffectABConfig.cpp 1569] EffectABConfig::configABValue : key=ve_enable_dir_and_file_refactor, dataType=bool, value=1", source: https://www.capcut.com/static-resource/ies/lvweb/video_online/upload/side-code/assets/vesdk-lvapi-opt.h6c71a.js (3150)
[1012/022002.705:INFO:CONSOLE:3150] "[I:EffectSDK-1940] [EffectABConfig.cpp 1616] EffectABConfig::configABValue : key=ve_enable_dir_and_file_refactor, bundle->SetBool(tag=ab_value, value=1)", source: https://www.capcut.com/static-resource/ies/lvweb/video_online/upload/side-code/assets/vesdk-lvapi-opt.h6c71a.js (3150)
[1012/022002.705:INFO:CONSOLE:3150] "[I:EffectSDK-1940] [EffectABConfig.cpp 1569] EffectABConfig::configABValue : key=enable_skin_seg_use_simd_optim, dataType=bool, value=0", source: https://www.capcut.com/static-resource/ies/lvweb/video_online/upload/side-code/assets/vesdk-lvapi-opt.h6c71a.js (3150)
[1012/022002.705:INFO:CONSOLE:3150] "[I:EffectSDK-1940] [EffectABConfig.cpp 1616] EffectABConfig::configABValue : key=enable_skin_seg_use_simd_optim, bundle->SetBool(tag=ab_value, value=0)", source: https://www.capcut.com/static-resource/ies/lvweb/video_online/upload/side-code/assets/vesdk-lvapi-opt.h6c71a.js (3150)
[1012/022002.705:INFO:CONSOLE:3150] "[I:EffectSDK-1940] [EffectABConfig.cpp 1569] EffectABConfig::configABValue : key=ve_opt_render_handle_preload, dataType=bool, value=0", source: https://www.capcut.com/static-resource/ies/lvweb/video_online/upload/side-code/assets/vesdk-lvapi-opt.h6c71a.js (3150)
[1012/022002.705:INFO:CONSOLE:3150] "[I:EffectSDK-1940] [EffectABConfig.cpp 1616] EffectABConfig::configABValue : key=ve_opt_render_handle_preload, bundle->SetBool(tag=ab_value, value=0)", source: https://www.capcut.com/static-resource/ies/lvweb/video_online/upload/side-code/assets/vesdk-lvapi-opt.h6c71a.js (3150)
[1012/022002.705:INFO:CONSOLE:3150] "[I:EffectSDK-1940] [EffectABConfig.cpp 1569] EffectABConfig::configABValue : key=ve_enable_swing_effect_algorithm_preload, dataType=bool, value=0", source: https://www.capcut.com/static-resource/ies/lvweb/video_online/upload/side-code/assets/vesdk-lvapi-opt.h6c71a.js (3150)
[1012/022002.705:INFO:CONSOLE:3150] "[I:EffectSDK-1940] [EffectABConfig.cpp 1616] EffectABConfig::configABValue : key=ve_enable_swing_effect_algorithm_preload, bundle->SetBool(tag=ab_value, value=0)", source: https://www.capcut.com/static-resource/ies/lvweb/video_online/upload/side-code/assets/vesdk-lvapi-opt.h6c71a.js (3150)
[1012/022002.705:INFO:CONSOLE:3150] "[I:EffectSDK-1940] [EffectABConfig.cpp 1569] EffectABConfig::configABValue : key=veabtest_find_best_stream_opt, dataType=bool, value=0", source: https://www.capcut.com/static-resource/ies/lvweb/video_online/upload/side-code/assets/vesdk-lvapi-opt.h6c71a.js (3150)
[1012/022002.705:INFO:CONSOLE:3150] "[I:EffectSDK-1940] [EffectABConfig.cpp 1616] EffectABConfig::configABValue : key=veabtest_find_best_stream_opt, bundle->SetBool(tag=ab_value, value=0)", source: https://www.capcut.com/static-resource/ies/lvweb/video_online/upload/side-code/assets/vesdk-lvapi-opt.h6c71a.js (3150)
[1012/022002.705:INFO:CONSOLE:3150] "[I:EffectSDK-1940] [EffectABConfig.cpp 1569] EffectABConfig::configABValue : key=enable_use_freid_v2, dataType=bool, value=1", source: https://www.capcut.com/static-resource/ies/lvweb/video_online/upload/side-code/assets/vesdk-lvapi-opt.h6c71a.js (3150)
[1012/022002.717:INFO:CONSOLE:3150] "[I:EffectSDK-1940] [EffectABConfig.cpp 1616] EffectABConfig::configABValue : key=enable_use_freid_v2, bundle->SetBool(tag=ab_value, value=1)", source: https://www.capcut.com/static-resource/ies/lvweb/video_online/upload/side-code/assets/vesdk-lvapi-opt.h6c71a.js (3150)
[1012/022002.717:INFO:CONSOLE:3150] "[I:EffectSDK-1940] [EffectABConfig.cpp 1569] EffectABConfig::configABValue : key=ve_enable_mem_and_time_refactor, dataType=bool, value=1", source: https://www.capcut.com/static-resource/ies/lvweb/video_online/upload/side-code/assets/vesdk-lvapi-opt.h6c71a.js (3150)
[1012/022002.718:INFO:CONSOLE:3150] "[I:EffectSDK-1940] [EffectABConfig.cpp 1616] EffectABConfig::configABValue : key=ve_enable_mem_and_time_refactor, bundle->SetBool(tag=ab_value, value=1)", source: https://www.capcut.com/static-resource/ies/lvweb/video_online/upload/side-code/assets/vesdk-lvapi-opt.h6c71a.js (3150)
[1012/022002.718:INFO:CONSOLE:3150] "[I:EffectSDK-1940] [EffectABConfig.cpp 1569] EffectABConfig::configABValue : key=ccweb_new_snapshot_thumb, dataType=bool, value=0", source: https://www.capcut.com/static-resource/ies/lvweb/video_online/upload/side-code/assets/vesdk-lvapi-opt.h6c71a.js (3150)
[1012/022002.718:INFO:CONSOLE:3150] "[I:EffectSDK-1940] [EffectABConfig.cpp 1616] EffectABConfig::configABValue : key=ccweb_new_snapshot_thumb, bundle->SetBool(tag=ab_value, value=0)", source: https://www.capcut.com/static-resource/ies/lvweb/video_online/upload/side-code/assets/vesdk-lvapi-opt.h6c71a.js (3150)
[1012/022002.719:INFO:CONSOLE:3150] "[I:EffectSDK-1940] [EffectABConfig.cpp 1569] EffectABConfig::configABValue : key=enable_delay_thread_optimization, dataType=bool, value=1", source: https://www.capcut.com/static-resource/ies/lvweb/video_online/upload/side-code/assets/vesdk-lvapi-opt.h6c71a.js (3150)
[1012/022002.719:INFO:CONSOLE:3150] "[I:EffectSDK-1940] [EffectABConfig.cpp 1616] EffectABConfig::configABValue : key=enable_delay_thread_optimization, bundle->SetBool(tag=ab_value, value=1)", source: https://www.capcut.com/static-resource/ies/lvweb/video_online/upload/side-code/assets/vesdk-lvapi-opt.h6c71a.js (3150)
[1012/022002.719:INFO:CONSOLE:3150] "[I:EffectSDK-1940] [EffectABConfig.cpp 1569] EffectABConfig::configABValue : key=enable_new_algorithm_system_node_parallel, dataType=bool, value=0", source: https://www.capcut.com/static-resource/ies/lvweb/video_online/upload/side-code/assets/vesdk-lvapi-opt.h6c71a.js (3150)
[1012/022002.719:INFO:CONSOLE:3150] "[I:EffectSDK-1940] [EffectABConfig.cpp 1616] EffectABConfig::configABValue : key=enable_new_algorithm_system_node_parallel, bundle->SetBool(tag=ab_value, value=0)", source: https://www.capcut.com/static-resource/ies/lvweb/video_online/upload/side-code/assets/vesdk-lvapi-opt.h6c71a.js (3150)
[1012/022002.720:INFO:CONSOLE:3150] "[I:EffectSDK-1940] [EffectABConfig.cpp 1569] EffectABConfig::configABValue : key=enable_ff264_simd, dataType=bool, value=1", source: https://www.capcut.com/static-resource/ies/lvweb/video_online/upload/side-code/assets/vesdk-lvapi-opt.h6c71a.js (3150)
[1012/022002.720:INFO:CONSOLE:3150] "[I:EffectSDK-1940] [EffectABConfig.cpp 1616] EffectABConfig::configABValue : key=enable_ff264_simd, bundle->SetBool(tag=ab_value, value=1)", source: https://www.capcut.com/static-resource/ies/lvweb/video_online/upload/side-code/assets/vesdk-lvapi-opt.h6c71a.js (3150)
[1012/022002.720:INFO:CONSOLE:3150] "[I:EffectSDK-1940] [EffectABConfig.cpp 1569] EffectABConfig::configABValue : key=enable_simd_optimization, dataType=bool, value=1", source: https://www.capcut.com/static-resource/ies/lvweb/video_online/upload/side-code/assets/vesdk-lvapi-opt.h6c71a.js (3150)
[1012/022002.720:INFO:CONSOLE:3150] "[I:EffectSDK-1940] [EffectABConfig.cpp 1616] EffectABConfig::configABValue : key=enable_simd_optimization, bundle->SetBool(tag=ab_value, value=1)", source: https://www.capcut.com/static-resource/ies/lvweb/video_online/upload/side-code/assets/vesdk-lvapi-opt.h6c71a.js (3150)
[1012/022002.720:INFO:CONSOLE:3150] "[I:EffectSDK-1940] [EffectABConfig.cpp 1569] EffectABConfig::configABValue : key=enable_textsystem_init_optimize, dataType=bool, value=1", source: https://www.capcut.com/static-resource/ies/lvweb/video_online/upload/side-code/assets/vesdk-lvapi-opt.h6c71a.js (3150)
[1012/022002.720:INFO:CONSOLE:3150] "[I:EffectSDK-1940] [EffectABConfig.cpp 1616] EffectABConfig::configABValue : key=enable_textsystem_init_optimize, bundle->SetBool(tag=ab_value, value=1)", source: https://www.capcut.com/static-resource/ies/lvweb/video_online/upload/side-code/assets/vesdk-lvapi-opt.h6c71a.js (3150)
[1012/022002.721:INFO:CONSOLE:3150] "[I:EffectSDK-1940] [EffectABConfig.cpp 1569] EffectABConfig::configABValue : key=enable_fs_use_face_threads, dataType=bool, value=0", source: https://www.capcut.com/static-resource/ies/lvweb/video_online/upload/side-code/assets/vesdk-lvapi-opt.h6c71a.js (3150)
[1012/022002.721:INFO:CONSOLE:3150] "[I:EffectSDK-1940] [EffectABConfig.cpp 1616] EffectABConfig::configABValue : key=enable_fs_use_face_threads, bundle->SetBool(tag=ab_value, value=0)", source: https://www.capcut.com/static-resource/ies/lvweb/video_online/upload/side-code/assets/vesdk-lvapi-opt.h6c71a.js (3150)
[1012/022002.721:INFO:CONSOLE:3150] "[I:EffectSDK-1940] [EffectABConfig.cpp 1569] EffectABConfig::configABValue : key=ve_enable_audio_worklet, dataType=bool, value=1", source: https://www.capcut.com/static-resource/ies/lvweb/video_online/upload/side-code/assets/vesdk-lvapi-opt.h6c71a.js (3150)
[1012/022002.721:INFO:CONSOLE:3150] "[I:EffectSDK-1940] [EffectABConfig.cpp 1616] EffectABConfig::configABValue : key=ve_enable_audio_worklet, bundle->SetBool(tag=ab_value, value=1)", source: https://www.capcut.com/static-resource/ies/lvweb/video_online/upload/side-code/assets/vesdk-lvapi-opt.h6c71a.js (3150)
[1012/022002.721:INFO:CONSOLE:3150] "[I:EffectSDK-1940] [EffectABConfig.cpp 1569] EffectABConfig::configABValue : key=enable_new_engine_transition, dataType=bool, value=1", source: https://www.capcut.com/static-resource/ies/lvweb/video_online/upload/side-code/assets/vesdk-lvapi-opt.h6c71a.js (3150)
[1012/022002.721:INFO:CONSOLE:3150] "[I:EffectSDK-1940] [EffectABConfig.cpp 1616] EffectABConfig::configABValue : key=enable_new_engine_transition, bundle->SetBool(tag=ab_value, value=1)", source: https://www.capcut.com/static-resource/ies/lvweb/video_online/upload/side-code/assets/vesdk-lvapi-opt.h6c71a.js (3150)
[1012/022002.721:INFO:CONSOLE:3150] "[I:EffectSDK-1940] [EffectABConfig.cpp 1569] EffectABConfig::configABValue : key=vesdk_web_stream_edit_opt, dataType=bool, value=1", source: https://www.capcut.com/static-resource/ies/lvweb/video_online/upload/side-code/assets/vesdk-lvapi-opt.h6c71a.js (3150)
[1012/022002.721:INFO:CONSOLE:3150] "[I:EffectSDK-1940] [EffectABConfig.cpp 1616] EffectABConfig::configABValue : key=vesdk_web_stream_edit_opt, bundle->SetBool(tag=ab_value, value=1)", source: https://www.capcut.com/static-resource/ies/lvweb/video_online/upload/side-code/assets/vesdk-lvapi-opt.h6c71a.js (3150)
[1012/022002.721:INFO:CONSOLE:3150] "[I:EffectSDK-1940] [EffectABConfig.cpp 1569] EffectABConfig::configABValue : key=ve_enable_stream_fetch_api, dataType=bool, value=1", source: https://www.capcut.com/static-resource/ies/lvweb/video_online/upload/side-code/assets/vesdk-lvapi-opt.h6c71a.js (3150)
[1012/022002.721:INFO:CONSOLE:3150] "[I:EffectSDK-1940] [EffectABConfig.cpp 1616] EffectABConfig::configABValue : key=ve_enable_stream_fetch_api, bundle->SetBool(tag=ab_value, value=1)", source: https://www.capcut.com/static-resource/ies/lvweb/video_online/upload/side-code/assets/vesdk-lvapi-opt.h6c71a.js (3150)
[1012/022002.724:INFO:CONSOLE:3150] "[I:EffectSDK-1940] [EffectABConfig.cpp 1569] EffectABConfig::configABValue : key=ve_enable_global_clock, dataType=bool, value=1", source: https://www.capcut.com/static-resource/ies/lvweb/video_online/upload/side-code/assets/vesdk-lvapi-opt.h6c71a.js (3150)
[1012/022002.724:INFO:CONSOLE:3150] "[I:EffectSDK-1940] [EffectABConfig.cpp 1616] EffectABConfig::configABValue : key=ve_enable_global_clock, bundle->SetBool(tag=ab_value, value=1)", source: https://www.capcut.com/static-resource/ies/lvweb/video_online/upload/side-code/assets/vesdk-lvapi-opt.h6c71a.js (3150)
[1012/022002.725:INFO:CONSOLE:3150] "[I:EffectSDK-1940] [EffectABConfig.cpp 1569] EffectABConfig::configABValue : key=ve_enable_sub_seq_opt, dataType=bool, value=0", source: https://www.capcut.com/static-resource/ies/lvweb/video_online/upload/side-code/assets/vesdk-lvapi-opt.h6c71a.js (3150)
[1012/022002.726:INFO:CONSOLE:3150] "[I:EffectSDK-1940] [EffectABConfig.cpp 1616] EffectABConfig::configABValue : key=ve_enable_sub_seq_opt, bundle->SetBool(tag=ab_value, value=0)", source: https://www.capcut.com/static-resource/ies/lvweb/video_online/upload/side-code/assets/vesdk-lvapi-opt.h6c71a.js (3150)
[1012/022002.726:INFO:CONSOLE:3150] "[I:EffectSDK-1940] [EffectABConfig.cpp 1569] EffectABConfig::configABValue : key=ve_enable_lvapi_performance_optimize, dataType=bool, value=1", source: https://www.capcut.com/static-resource/ies/lvweb/video_online/upload/side-code/assets/vesdk-lvapi-opt.h6c71a.js (3150)
[1012/022002.726:INFO:CONSOLE:3150] "[I:EffectSDK-1940] [EffectABConfig.cpp 1616] EffectABConfig::configABValue : key=ve_enable_lvapi_performance_optimize, bundle->SetBool(tag=ab_value, value=1)", source: https://www.capcut.com/static-resource/ies/lvweb/video_online/upload/side-code/assets/vesdk-lvapi-opt.h6c71a.js (3150)
[1012/022002.726:INFO:CONSOLE:3150] "[I:EffectSDK-1940] [EffectABConfig.cpp 1569] EffectABConfig::configABValue : key=enable_matting_optimization, dataType=bool, value=0", source: https://www.capcut.com/static-resource/ies/lvweb/video_online/upload/side-code/assets/vesdk-lvapi-opt.h6c71a.js (3150)
[1012/022002.726:INFO:CONSOLE:3150] "[I:EffectSDK-1940] [EffectABConfig.cpp 1616] EffectABConfig::configABValue : key=enable_matting_optimization, bundle->SetBool(tag=ab_value, value=0)", source: https://www.capcut.com/static-resource/ies/lvweb/video_online/upload/side-code/assets/vesdk-lvapi-opt.h6c71a.js (3150)
[1012/022002.726:INFO:CONSOLE:3150] "[I:EffectSDK-1940] [EffectABConfig.cpp 1569] EffectABConfig::configABValue : key=ve_enable_continue_audioclip_reuse_reader, dataType=bool, value=1", source: https://www.capcut.com/static-resource/ies/lvweb/video_online/upload/side-code/assets/vesdk-lvapi-opt.h6c71a.js (3150)
[1012/022002.726:INFO:CONSOLE:3150] "[I:EffectSDK-1940] [EffectABConfig.cpp 1616] EffectABConfig::configABValue : key=ve_enable_continue_audioclip_reuse_reader, bundle->SetBool(tag=ab_value, value=1)", source: https://www.capcut.com/static-resource/ies/lvweb/video_online/upload/side-code/assets/vesdk-lvapi-opt.h6c71a.js (3150)
[1012/022002.732:INFO:CONSOLE:3150] "[I:EffectSDK-1940] [EffectABConfig.cpp 1569] EffectABConfig::configABValue : key=ve_enable_ffthread_opt, dataType=bool, value=1", source: https://www.capcut.com/static-resource/ies/lvweb/video_online/upload/side-code/assets/vesdk-lvapi-opt.h6c71a.js (3150)
[1012/022002.732:INFO:CONSOLE:3150] "[I:EffectSDK-1940] [EffectABConfig.cpp 1616] EffectABConfig::configABValue : key=ve_enable_ffthread_opt, bundle->SetBool(tag=ab_value, value=1)", source: https://www.capcut.com/static-resource/ies/lvweb/video_online/upload/side-code/assets/vesdk-lvapi-opt.h6c71a.js (3150)
[1012/022002.733:INFO:CONSOLE:3150] "[I:EffectSDK-1940] [EffectABConfig.cpp 1569] EffectABConfig::configABValue : key=veabtest_enable_switch_sticker, dataType=bool, value=1", source: https://www.capcut.com/static-resource/ies/lvweb/video_online/upload/side-code/assets/vesdk-lvapi-opt.h6c71a.js (3150)
[1012/022002.733:INFO:CONSOLE:3150] "[I:EffectSDK-1940] [EffectABConfig.cpp 1616] EffectABConfig::configABValue : key=veabtest_enable_switch_sticker, bundle->SetBool(tag=ab_value, value=1)", source: https://www.capcut.com/static-resource/ies/lvweb/video_online/upload/side-code/assets/vesdk-lvapi-opt.h6c71a.js (3150)
[1012/022002.733:INFO:CONSOLE:3150] "[I:EffectSDK-1940] [EffectABConfig.cpp 1569] EffectABConfig::configABValue : key=ve_enable_transformunit_code_tidy, dataType=bool, value=1", source: https://www.capcut.com/static-resource/ies/lvweb/video_online/upload/side-code/assets/vesdk-lvapi-opt.h6c71a.js (3150)
[1012/022002.733:INFO:CONSOLE:3150] "[I:EffectSDK-1940] [EffectABConfig.cpp 1616] EffectABConfig::configABValue : key=ve_enable_transformunit_code_tidy, bundle->SetBool(tag=ab_value, value=1)", source: https://www.capcut.com/static-resource/ies/lvweb/video_online/upload/side-code/assets/vesdk-lvapi-opt.h6c71a.js (3150)
[1012/022002.733:INFO:CONSOLE:3150] "[I:EffectSDK-1940] [EffectABConfig.cpp 1569] EffectABConfig::configABValue : key=ve_enable_segment_merged, dataType=bool, value=1", source: https://www.capcut.com/static-resource/ies/lvweb/video_online/upload/side-code/assets/vesdk-lvapi-opt.h6c71a.js (3150)
[1012/022002.733:INFO:CONSOLE:3150] "[I:EffectSDK-1940] [EffectABConfig.cpp 1616] EffectABConfig::configABValue : key=ve_enable_segment_merged, bundle->SetBool(tag=ab_value, value=1)", source: https://www.capcut.com/static-resource/ies/lvweb/video_online/upload/side-code/assets/vesdk-lvapi-opt.h6c71a.js (3150)
[1012/022002.733:INFO:CONSOLE:3150] "[I:EffectSDK-1940] [EffectABConfig.cpp 1569] EffectABConfig::configABValue : key=ve_enable_refresh_opt, dataType=bool, value=1", source: https://www.capcut.com/static-resource/ies/lvweb/video_online/upload/side-code/assets/vesdk-lvapi-opt.h6c71a.js (3150)
[1012/022002.733:INFO:CONSOLE:3150] "[I:EffectSDK-1940] [EffectABConfig.cpp 1616] EffectABConfig::configABValue : key=ve_enable_refresh_opt, bundle->SetBool(tag=ab_value, value=1)", source: https://www.capcut.com/static-resource/ies/lvweb/video_online/upload/side-code/assets/vesdk-lvapi-opt.h6c71a.js (3150)
[1012/022002.733:INFO:CONSOLE:3150] "[I:EffectSDK-1940] [EffectABConfig.cpp 1569] EffectABConfig::configABValue : key=enable_bach_algorithm_preload, dataType=bool, value=0", source: https://www.capcut.com/static-resource/ies/lvweb/video_online/upload/side-code/assets/vesdk-lvapi-opt.h6c71a.js (3150)
[1012/022002.733:INFO:CONSOLE:3150] "[I:EffectSDK-1940] [EffectABConfig.cpp 1616] EffectABConfig::configABValue : key=enable_bach_algorithm_preload, bundle->SetBool(tag=ab_value, value=0)", source: https://www.capcut.com/static-resource/ies/lvweb/video_online/upload/side-code/assets/vesdk-lvapi-opt.h6c71a.js (3150)
[1012/022002.733:INFO:CONSOLE:3150] "[I:EffectSDK-1940] [EffectABConfig.cpp 1569] EffectABConfig::configABValue : key=enable_fs_use_simd_optim, dataType=bool, value=0", source: https://www.capcut.com/static-resource/ies/lvweb/video_online/upload/side-code/assets/vesdk-lvapi-opt.h6c71a.js (3150)
[1012/022002.733:INFO:CONSOLE:3150] "[I:EffectSDK-1940] [EffectABConfig.cpp 1616] EffectABConfig::configABValue : key=enable_fs_use_simd_optim, bundle->SetBool(tag=ab_value, value=0)", source: https://www.capcut.com/static-resource/ies/lvweb/video_online/upload/side-code/assets/vesdk-lvapi-opt.h6c71a.js (3150)
[1012/022002.733:INFO:CONSOLE:3150] "[I:EffectSDK-1940] [EffectABConfig.cpp 1569] EffectABConfig::configABValue : key=enable_facefitting_optimization, dataType=bool, value=1", source: https://www.capcut.com/static-resource/ies/lvweb/video_online/upload/side-code/assets/vesdk-lvapi-opt.h6c71a.js (3150)
[1012/022002.733:INFO:CONSOLE:3150] "[I:EffectSDK-1940] [EffectABConfig.cpp 1616] EffectABConfig::configABValue : key=enable_facefitting_optimization, bundle->SetBool(tag=ab_value, value=1)", source: https://www.capcut.com/static-resource/ies/lvweb/video_online/upload/side-code/assets/vesdk-lvapi-opt.h6c71a.js (3150)
[1012/022002.733:INFO:CONSOLE:3150] "[I:EffectSDK-1940] [EffectABConfig.cpp 1569] EffectABConfig::configABValue : key=enable_segment_xshader_reuse, dataType=bool, value=1", source: https://www.capcut.com/static-resource/ies/lvweb/video_online/upload/side-code/assets/vesdk-lvapi-opt.h6c71a.js (3150)
[1012/022002.733:INFO:CONSOLE:3150] "[I:EffectSDK-1940] [EffectABConfig.cpp 1616] EffectABConfig::configABValue : key=enable_segment_xshader_reuse, bundle->SetBool(tag=ab_value, value=1)", source: https://www.capcut.com/static-resource/ies/lvweb/video_online/upload/side-code/assets/vesdk-lvapi-opt.h6c71a.js (3150)
[1012/022002.733:INFO:CONSOLE:3150] "[I:EffectSDK-1940] [EffectABConfig.cpp 1569] EffectABConfig::configABValue : key=enable_et_data_capturing, dataType=bool, value=1", source: https://www.capcut.com/static-resource/ies/lvweb/video_online/upload/side-code/assets/vesdk-lvapi-opt.h6c71a.js (3150)
[1012/022002.733:INFO:CONSOLE:3150] "[I:EffectSDK-1940] [EffectABConfig.cpp 1616] EffectABConfig::configABValue : key=enable_et_data_capturing, bundle->SetBool(tag=ab_value, value=1)", source: https://www.capcut.com/static-resource/ies/lvweb/video_online/upload/side-code/assets/vesdk-lvapi-opt.h6c71a.js (3150)
[1012/022002.733:INFO:CONSOLE:3150] "[I:EffectSDK-1940] [EffectABConfig.cpp 1569] EffectABConfig::configABValue : key=ve_sub_seq_fps_opt, dataType=bool, value=0", source: https://www.capcut.com/static-resource/ies/lvweb/video_online/upload/side-code/assets/vesdk-lvapi-opt.h6c71a.js (3150)
[1012/022002.733:INFO:CONSOLE:3150] "[I:EffectSDK-1940] [EffectABConfig.cpp 1616] EffectABConfig::configABValue : key=ve_sub_seq_fps_opt, bundle->SetBool(tag=ab_value, value=0)", source: https://www.capcut.com/static-resource/ies/lvweb/video_online/upload/side-code/assets/vesdk-lvapi-opt.h6c71a.js (3150)
[1012/022002.733:INFO:CONSOLE:3150] "[I:EffectSDK-1940] [EffectABConfig.cpp 1569] EffectABConfig::configABValue : key=ve_enable_track_clip_opt, dataType=bool, value=1", source: https://www.capcut.com/static-resource/ies/lvweb/video_online/upload/side-code/assets/vesdk-lvapi-opt.h6c71a.js (3150)
[1012/022002.733:INFO:CONSOLE:3150] "[I:EffectSDK-1940] [EffectABConfig.cpp 1616] EffectABConfig::configABValue : key=ve_enable_track_clip_opt, bundle->SetBool(tag=ab_value, value=1)", source: https://www.capcut.com/static-resource/ies/lvweb/video_online/upload/side-code/assets/vesdk-lvapi-opt.h6c71a.js (3150)
[1012/022002.733:INFO:CONSOLE:3150] "[I:EffectSDK-1940] [EffectABConfig.cpp 1569] EffectABConfig::configABValue : key=vesdk_web_getframe_thread_detach, dataType=bool, value=0", source: https://www.capcut.com/static-resource/ies/lvweb/video_online/upload/side-code/assets/vesdk-lvapi-opt.h6c71a.js (3150)
[1012/022002.733:INFO:CONSOLE:3150] "[I:EffectSDK-1940] [EffectABConfig.cpp 1616] EffectABConfig::configABValue : key=vesdk_web_getframe_thread_detach, bundle->SetBool(tag=ab_value, value=0)", source: https://www.capcut.com/static-resource/ies/lvweb/video_online/upload/side-code/assets/vesdk-lvapi-opt.h6c71a.js (3150)
[1012/022002.733:INFO:CONSOLE:3150] "[I:EffectSDK-1940] [EffectABConfig.cpp 1569] EffectABConfig::configABValue : key=veabtest_audio_gbu_refactor_1, dataType=bool, value=1", source: https://www.capcut.com/static-resource/ies/lvweb/video_online/upload/side-code/assets/vesdk-lvapi-opt.h6c71a.js (3150)
[1012/022002.733:INFO:CONSOLE:3150] "[I:EffectSDK-1940] [EffectABConfig.cpp 1616] EffectABConfig::configABValue : key=veabtest_audio_gbu_refactor_1, bundle->SetBool(tag=ab_value, value=1)", source: https://www.capcut.com/static-resource/ies/lvweb/video_online/upload/side-code/assets/vesdk-lvapi-opt.h6c71a.js (3150)
[1012/022002.733:INFO:CONSOLE:3150] "[I:EffectSDK-1940] [EffectABConfig.cpp 1569] EffectABConfig::configABValue : key=veabtest_audio_reader_unit_refactor, dataType=bool, value=1", source: https://www.capcut.com/static-resource/ies/lvweb/video_online/upload/side-code/assets/vesdk-lvapi-opt.h6c71a.js (3150)
[1012/022002.733:INFO:CONSOLE:3150] "[I:EffectSDK-1940] [EffectABConfig.cpp 1616] EffectABConfig::configABValue : key=veabtest_audio_reader_unit_refactor, bundle->SetBool(tag=ab_value, value=1)", source: https://www.capcut.com/static-resource/ies/lvweb/video_online/upload/side-code/assets/vesdk-lvapi-opt.h6c71a.js (3150)
[1012/022002.733:INFO:CONSOLE:3150] "[I:EffectSDK-1940] [EffectABConfig.cpp 1572] EffectABConfig::configABValue : key=matting_thread_num, dataType=int, value=0", source: https://www.capcut.com/static-resource/ies/lvweb/video_online/upload/side-code/assets/vesdk-lvapi-opt.h6c71a.js (3150)
[1012/022002.733:INFO:CONSOLE:3150] "[I:EffectSDK-1940] [EffectABConfig.cpp 1620] EffectABConfig::configABValue : key=matting_thread_num, bundle->SetInt(tag=ab_value, value=0)", source: https://www.capcut.com/static-resource/ies/lvweb/video_online/upload/side-code/assets/vesdk-lvapi-opt.h6c71a.js (3150)
[1012/022002.733:INFO:CONSOLE:3150] "[I:EffectSDK-1940] [EffectABConfig.cpp 1572] EffectABConfig::configABValue : key=skeleton_thread_num, dataType=int, value=0", source: https://www.capcut.com/static-resource/ies/lvweb/video_online/upload/side-code/assets/vesdk-lvapi-opt.h6c71a.js (3150)
[1012/022002.733:INFO:CONSOLE:3150] "[I:EffectSDK-1940] [EffectABConfig.cpp 1620] EffectABConfig::configABValue : key=skeleton_thread_num, bundle->SetInt(tag=ab_value, value=0)", source: https://www.capcut.com/static-resource/ies/lvweb/video_online/upload/side-code/assets/vesdk-lvapi-opt.h6c71a.js (3150)
[1012/022002.734:INFO:CONSOLE:3150] "[I:EffectSDK-1940] [EffectABConfig.cpp 1572] EffectABConfig::configABValue : key=decoder_strategy, dataType=int, value=2", source: https://www.capcut.com/static-resource/ies/lvweb/video_online/upload/side-code/assets/vesdk-lvapi-opt.h6c71a.js (3150)
[1012/022002.734:INFO:CONSOLE:3150] "[I:EffectSDK-1940] [EffectABConfig.cpp 1620] EffectABConfig::configABValue : key=decoder_strategy, bundle->SetInt(tag=ab_value, value=2)", source: https://www.capcut.com/static-resource/ies/lvweb/video_online/upload/side-code/assets/vesdk-lvapi-opt.h6c71a.js (3150)
[1012/022002.734:INFO:CONSOLE:3150] "[I:EffectSDK-1940] [EffectABConfig.cpp 1572] EffectABConfig::configABValue : key=webcodecs_decoder_strategy, dataType=int, value=2", source: https://www.capcut.com/static-resource/ies/lvweb/video_online/upload/side-code/assets/vesdk-lvapi-opt.h6c71a.js (3150)
[1012/022002.734:INFO:CONSOLE:3150] "[I:EffectSDK-1940] [EffectABConfig.cpp 1620] EffectABConfig::configABValue : key=webcodecs_decoder_strategy, bundle->SetInt(tag=ab_value, value=2)", source: https://www.capcut.com/static-resource/ies/lvweb/video_online/upload/side-code/assets/vesdk-lvapi-opt.h6c71a.js (3150)
[1012/022002.734:INFO:CONSOLE:3150] "[I:EffectSDK-1940] [EffectABConfig.cpp 1572] EffectABConfig::configABValue : key=animseq_preload_count, dataType=int, value=-1", source: https://www.capcut.com/static-resource/ies/lvweb/video_online/upload/side-code/assets/vesdk-lvapi-opt.h6c71a.js (3150)
[1012/022002.734:INFO:CONSOLE:3150] "[I:EffectSDK-1940] [EffectABConfig.cpp 1620] EffectABConfig::configABValue : key=animseq_preload_count, bundle->SetInt(tag=ab_value, value=-1)", source: https://www.capcut.com/static-resource/ies/lvweb/video_online/upload/side-code/assets/vesdk-lvapi-opt.h6c71a.js (3150)
[1012/022002.734:INFO:CONSOLE:3150] "[I:EffectSDK-1940] [EffectABConfig.cpp 1572] EffectABConfig::configABValue : key=preload_anim_seq_frame_count, dataType=int, value=0", source: https://www.capcut.com/static-resource/ies/lvweb/video_online/upload/side-code/assets/vesdk-lvapi-opt.h6c71a.js (3150)
[1012/022002.734:INFO:CONSOLE:3150] "[I:EffectSDK-1940] [EffectABConfig.cpp 1620] EffectABConfig::configABValue : key=preload_anim_seq_frame_count, bundle->SetInt(tag=ab_value, value=0)", source: https://www.capcut.com/static-resource/ies/lvweb/video_online/upload/side-code/assets/vesdk-lvapi-opt.h6c71a.js (3150)
[1012/022002.804:INFO:CONSOLE:3150] "[I:EffectSDK-1940] [EffectABConfig.cpp 1572] EffectABConfig::configABValue : key=test_version, dataType=int, value=1", source: https://www.capcut.com/static-resource/ies/lvweb/video_online/upload/side-code/assets/vesdk-lvapi-opt.h6c71a.js (3150)
[1012/022002.804:INFO:CONSOLE:3150] "[I:EffectSDK-1940] [EffectABConfig.cpp 1620] EffectABConfig::configABValue : key=test_version, bundle->SetInt(tag=ab_value, value=1)", source: https://www.capcut.com/static-resource/ies/lvweb/video_online/upload/side-code/assets/vesdk-lvapi-opt.h6c71a.js (3150)
[1012/022002.805:INFO:CONSOLE:3150] "[I:EffectSDK-1940] [EffectABConfig.cpp 1572] EffectABConfig::configABValue : key=lua_gc_throttle_wait_time, dataType=int, value=-1", source: https://www.capcut.com/static-resource/ies/lvweb/video_online/upload/side-code/assets/vesdk-lvapi-opt.h6c71a.js (3150)
[1012/022002.806:INFO:CONSOLE:3150] "[I:EffectSDK-1940] [EffectABConfig.cpp 1620] EffectABConfig::configABValue : key=lua_gc_throttle_wait_time, bundle->SetInt(tag=ab_value, value=-1)", source: https://www.capcut.com/static-resource/ies/lvweb/video_online/upload/side-code/assets/vesdk-lvapi-opt.h6c71a.js (3150)
[1012/022002.823:INFO:CONSOLE:3150] "[I:EffectSDK-1940] [bef_effect_api.cpp 6641] effect_sdk effectsdk logtolocal Add with key : ( )", source: https://www.capcut.com/static-resource/ies/lvweb/video_online/upload/side-code/assets/vesdk-lvapi-opt.h6c71a.js (3150)
[1012/022002.824:INFO:CONSOLE:3150] "[I:EffectSDK-1940] [EffectABConfig.cpp 1674] EffectABConfig::getABValue : license = "", key = "set_log_level", value = -1", source: https://www.capcut.com/static-resource/ies/lvweb/video_online/upload/side-code/assets/vesdk-lvapi-opt.h6c71a.js (3150)
[1012/022002.992:INFO:CONSOLE:0] "[GroupMarkerNotSet(crbug.com/242999)!:A080F200AC320000]Automatic fallback to software WebGL has been deprecated. Please use the --enable-unsafe-swiftshader (about:flags#enable-unsafe-swiftshader) flag to opt in to lower security guarantees for trusted content.", source: https://www.capcut.com/editor?scenario=custom (0)
[1012/022002.994:INFO:CONSOLE:721] "Failed to execute 'postMessage' on 'DOMWindow': The target origin provided ('https://www.googletagmanager.com') does not match the recipient window's origin ('null').", source: https://www.googletagmanager.com/gtag/js?id=G-F9J0QP63RB&cx=c&gtm=4e5a80 (721)
[1012/022003.095:INFO:CONSOLE:3150] "[VESDK] GL thread worker:  pthread worker #3", source: https://www.capcut.com/static-resource/ies/lvweb/video_online/upload/side-code/assets/vesdk-lvapi-opt.h6c71a.js (3150)
[1012/022003.095:INFO:CONSOLE:0] "[GroupMarkerNotSet(crbug.com/242999)!:A0B0F200AC320000]Automatic fallback to software WebGL has been deprecated. Please use the --enable-unsafe-swiftshader (about:flags#enable-unsafe-swiftshader) flag to opt in to lower security guarantees for trusted content.", source: https://www.capcut.com/editor?scenario=custom (0)
[1012/022003.202:INFO:CONSOLE:3138] "sampleRate: 44100, channelCount: 2", source: https://www.capcut.com/static-resource/ies/lvweb/video_online/upload/side-code/assets/vesdk-lvapi-opt.h6c71a.js (3138)
[1012/022003.439:INFO:CONSOLE:3138] "create audio worklet", source: https://www.capcut.com/static-resource/ies/lvweb/video_online/upload/side-code/assets/vesdk-lvapi-opt.h6c71a.js (3138)
[1012/022004.408:INFO:CONSOLE:721] "Failed to execute 'postMessage' on 'DOMWindow': The target origin provided ('https://www.googletagmanager.com') does not match the recipient window's origin ('null').", source: https://www.googletagmanager.com/gtag/js?id=G-F9J0QP63RB&cx=c&gtm=4e5a80 (721)
[1012/022004.847:INFO:CONSOLE:3138] "sampleRate: 44100, channelCount: 2", source: https://www.capcut.com/static-resource/ies/lvweb/video_online/upload/side-code/assets/vesdk-lvapi-opt.h6c71a.js (3138)
[1012/022004.847:INFO:CONSOLE:3138] "try to recreate audio worklet", source: https://www.capcut.com/static-resource/ies/lvweb/video_online/upload/side-code/assets/vesdk-lvapi-opt.h6c71a.js (3138)
[1012/022005.406:INFO:CONSOLE:721] "Failed to execute 'postMessage' on 'DOMWindow': The target origin provided ('https://www.googletagmanager.com') does not match the recipient window's origin ('null').", source: https://www.googletagmanager.com/gtag/js?id=G-F9J0QP63RB&cx=c&gtm=4e5a80 (721)
[1012/022006.024:INFO:CONSOLE:0] "[GroupMarkerNotSet(crbug.com/242999)!:A0E0F200AC320000]Automatic fallback to software WebGL has been deprecated. Please use the --enable-unsafe-swiftshader (about:flags#enable-unsafe-swiftshader) flag to opt in to lower security guarantees for trusted content.", source: https://www.capcut.com/editor?scenario=custom (0)
[1012/022006.280:INFO:CONSOLE:0] "[.WebGL-0x4d8401198000]GL Driver Message (OpenGL, Performance, GL_CLOSE_PATH_NV, High): GPU stall due to ReadPixels", source: https://www.capcut.com/editor?scenario=custom (0)
[1012/022006.283:INFO:CONSOLE:0] "[.WebGL-0x4d8401198000]GL Driver Message (OpenGL, Performance, GL_CLOSE_PATH_NV, High): GPU stall due to ReadPixels", source: https://www.capcut.com/editor?scenario=custom (0)
[1012/022006.341:INFO:CONSOLE:721] "Failed to execute 'postMessage' on 'DOMWindow': The target origin provided ('https://www.googletagmanager.com') does not match the recipient window's origin ('null').", source: https://www.googletagmanager.com/gtag/js?id=G-F9J0QP63RB&cx=c&gtm=4e5a80 (721)
[1012/022007.390:INFO:CONSOLE:721] "Failed to execute 'postMessage' on 'DOMWindow': The target origin provided ('https://www.googletagmanager.com') does not match the recipient window's origin ('null').", source: https://www.googletagmanager.com/gtag/js?id=G-F9J0QP63RB&cx=c&gtm=4e5a80 (721)
[1012/022007.982:INFO:CONSOLE:721] "Failed to execute 'postMessage' on 'DOMWindow': The target origin provided ('https://www.googletagmanager.com') does not match the recipient window's origin ('null').", source: https://www.googletagmanager.com/gtag/js?id=G-F9J0QP63RB&cx=c&gtm=4e5a80 (721)
[1012/022008.569:INFO:CONSOLE:721] "Failed to execute 'postMessage' on 'DOMWindow': The target origin provided ('https://www.googletagmanager.com') does not match the recipient window's origin ('null').", source: https://www.googletagmanager.com/gtag/js?id=G-F9J0QP63RB&cx=c&gtm=4e5a80 (721)
[1012/022009.077:INFO:CONSOLE:721] "Failed to execute 'postMessage' on 'DOMWindow': The target origin provided ('https://www.googletagmanager.com') does not match the recipient window's origin ('null').", source: https://www.googletagmanager.com/gtag/js?id=G-F9J0QP63RB&cx=c&gtm=4e5a80 (721)
[1012/022009.548:INFO:CONSOLE:0] "[.WebGL-0x4d8401198000]GL Driver Message (OpenGL, Performance, GL_CLOSE_PATH_NV, High): GPU stall due to ReadPixels", source: https://www.capcut.com/editor?scenario=custom (0)
[1012/022009.688:INFO:CONSOLE:721] "Failed to execute 'postMessage' on 'DOMWindow': The target origin provided ('https://www.googletagmanager.com') does not match the recipient window's origin ('null').", source: https://www.googletagmanager.com/gtag/js?id=G-F9J0QP63RB&cx=c&gtm=4e5a80 (721)
[1012/022010.198:INFO:CONSOLE:721] "Failed to execute 'postMessage' on 'DOMWindow': The target origin provided ('https://www.googletagmanager.com') does not match the recipient window's origin ('null').", source: https://www.googletagmanager.com/gtag/js?id=G-F9J0QP63RB&cx=c&gtm=4e5a80 (721)
[1012/022010.921:INFO:CONSOLE:721] "Failed to execute 'postMessage' on 'DOMWindow': The target origin provided ('https://www.googletagmanager.com') does not match the recipient window's origin ('null').", source: https://www.googletagmanager.com/gtag/js?id=G-F9J0QP63RB&cx=c&gtm=4e5a80 (721)
[1012/022011.412:INFO:CONSOLE:721] "Failed to execute 'postMessage' on 'DOMWindow': The target origin provided ('https://www.googletagmanager.com') does not match the recipient window's origin ('null').", source: https://www.googletagmanager.com/gtag/js?id=G-F9J0QP63RB&cx=c&gtm=4e5a80 (721)
[1012/022011.926:INFO:CONSOLE:721] "Failed to execute 'postMessage' on 'DOMWindow': The target origin provided ('https://www.googletagmanager.com') does not match the recipient window's origin ('null').", source: https://www.googletagmanager.com/gtag/js?id=G-F9J0QP63RB&cx=c&gtm=4e5a80 (721)
[1012/022012.442:INFO:CONSOLE:721] "Failed to execute 'postMessage' on 'DOMWindow': The target origin provided ('https://www.googletagmanager.com') does not match the recipient window's origin ('null').", source: https://www.googletagmanager.com/gtag/js?id=G-F9J0QP63RB&cx=c&gtm=4e5a80 (721)
[1012/022012.959:INFO:CONSOLE:721] "Failed to execute 'postMessage' on 'DOMWindow': The target origin provided ('https://www.googletagmanager.com') does not match the recipient window's origin ('null').", source: https://www.googletagmanager.com/gtag/js?id=G-F9J0QP63RB&cx=c&gtm=4e5a80 (721)
[1012/022013.163:INFO:CONSOLE:0] "[GroupMarkerNotSet(crbug.com/242999)!:A0E0F200AC320000]Automatic fallback to software WebGL has been deprecated. Please use the --enable-unsafe-swiftshader (about:flags#enable-unsafe-swiftshader) flag to opt in to lower security guarantees for trusted content.", source: https://www.capcut.com/editor?scenario=custom (0)
[1012/022013.476:INFO:CONSOLE:721] "Failed to execute 'postMessage' on 'DOMWindow': The target origin provided ('https://www.googletagmanager.com') does not match the recipient window's origin ('null').", source: https://www.googletagmanager.com/gtag/js?id=G-F9J0QP63RB&cx=c&gtm=4e5a80 (721)
[1012/022013.982:INFO:CONSOLE:721] "Failed to execute 'postMessage' on 'DOMWindow': The target origin provided ('https://www.googletagmanager.com') does not match the recipient window's origin ('null').", source: https://www.googletagmanager.com/gtag/js?id=G-F9J0QP63RB&cx=c&gtm=4e5a80 (721)
[1012/022014.492:INFO:CONSOLE:721] "Failed to execute 'postMessage' on 'DOMWindow': The target origin provided ('https://www.googletagmanager.com') does not match the recipient window's origin ('null').", source: https://www.googletagmanager.com/gtag/js?id=G-F9J0QP63RB&cx=c&gtm=4e5a80 (721)
[1012/022015.009:INFO:CONSOLE:721] "Failed to execute 'postMessage' on 'DOMWindow': The target origin provided ('https://www.googletagmanager.com') does not match the recipient window's origin ('null').", source: https://www.googletagmanager.com/gtag/js?id=G-F9J0QP63RB&cx=c&gtm=4e5a80 (721)
[1012/022015.516:INFO:CONSOLE:721] "Failed to execute 'postMessage' on 'DOMWindow': The target origin provided ('https://www.googletagmanager.com') does not match the recipient window's origin ('null').", source: https://www.googletagmanager.com/gtag/js?id=G-F9J0QP63RB&cx=c&gtm=4e5a80 (721)
[1012/022016.027:INFO:CONSOLE:721] "Failed to execute 'postMessage' on 'DOMWindow': The target origin provided ('https://www.googletagmanager.com') does not match the recipient window's origin ('null').", source: https://www.googletagmanager.com/gtag/js?id=G-F9J0QP63RB&cx=c&gtm=4e5a80 (721)
[1012/022020.956:INFO:CONSOLE:0] "[GroupMarkerNotSet(crbug.com/242999)!:A010F300AC320000]Automatic fallback to software WebGL has been deprecated. Please use the --enable-unsafe-swiftshader (about:flags#enable-unsafe-swiftshader) flag to opt in to lower security guarantees for trusted content.", source: https://www.capcut.com/editor?scenario=custom (0)
